{"/Users/daniel.fegan/workspaces/practice/game-tracker-front-end/src/App.vue": {"path":"/Users/daniel.fegan/workspaces/practice/game-tracker-front-end/src/App.vue","statementMap":{"0":{"start":{"line":12,"column":0},"end":{"line":12,"column":null}},"1":{"start":{"line":18,"column":0},"end":{"line":18,"column":null}}},"fnMap":{"0":{"name":"(anonymous_1)","decl":{"start":{"line":18,"column":0},"end":{"line":18,"column":null}},"loc":{"start":{"line":18,"column":0},"end":{"line":18,"column":null}}}},"branchMap":{},"s":{"0":0,"1":0},"f":{"0":0},"b":{}}
,"/Users/daniel.fegan/workspaces/practice/game-tracker-front-end/src/router.js": {"path":"/Users/daniel.fegan/workspaces/practice/game-tracker-front-end/src/router.js","statementMap":{"0":{"start":{"line":6,"column":0},"end":{"line":6,"column":15}}},"fnMap":{},"branchMap":{},"s":{"0":0},"f":{},"b":{},"hash":"b9a3c51ee7bb6418551f25c06353915a55efa148"}
,"/Users/daniel.fegan/workspaces/practice/game-tracker-front-end/src/components/Game.vue": {"path":"/Users/daniel.fegan/workspaces/practice/game-tracker-front-end/src/components/Game.vue","statementMap":{"0":{"start":{"line":34,"column":0},"end":{"line":34,"column":null}}},"fnMap":{"0":{"name":"(anonymous_1)","decl":{"start":{"line":33,"column":0},"end":{"line":33,"column":null}},"loc":{"start":{"line":33,"column":0},"end":{"line":35,"column":null}}}},"branchMap":{},"s":{"0":4},"f":{"0":4},"b":{}}
,"/Users/daniel.fegan/workspaces/practice/game-tracker-front-end/src/plugins/vuetify.js": {"path":"/Users/daniel.fegan/workspaces/practice/game-tracker-front-end/src/plugins/vuetify.js","statementMap":{"0":{"start":{"line":4,"column":0},"end":{"line":4,"column":17}}},"fnMap":{},"branchMap":{},"s":{"0":0},"f":{},"b":{},"hash":"75a1c661cd489de782c7bc60110c5ab24d7abdf9"}
,"/Users/daniel.fegan/workspaces/practice/game-tracker-front-end/src/service/Api.js": {"path":"/Users/daniel.fegan/workspaces/practice/game-tracker-front-end/src/service/Api.js","statementMap":{"0":{"start":{"line":3,"column":17},"end":{"line":6,"column":2}},"1":{"start":{"line":3,"column":23},"end":{"line":6,"column":2}}},"fnMap":{"0":{"name":"(anonymous_0)","decl":{"start":{"line":3,"column":17},"end":{"line":3,"column":18}},"loc":{"start":{"line":3,"column":23},"end":{"line":6,"column":2}},"line":3}},"branchMap":{},"s":{"0":2,"1":1},"f":{"0":1},"b":{},"_coverageSchema":"43e27e138ebf9cfc5966b082cf9a028302ed4184","hash":"c3457cde973d7d22249129d260de396ac04991c3"}
,"/Users/daniel.fegan/workspaces/practice/game-tracker-front-end/src/views/AddGame.vue": {"path":"/Users/daniel.fegan/workspaces/practice/game-tracker-front-end/src/views/AddGame.vue","statementMap":{"0":{"start":{"line":103,"column":0},"end":{"line":103,"column":null}},"1":{"start":{"line":108,"column":0},"end":{"line":108,"column":null}},"2":{"start":{"line":134,"column":0},"end":{"line":134,"column":null}},"3":{"start":{"line":135,"column":0},"end":{"line":135,"column":null}},"4":{"start":{"line":136,"column":0},"end":{"line":136,"column":null}},"5":{"start":{"line":140,"column":0},"end":{"line":146,"column":null}},"6":{"start":{"line":141,"column":0},"end":{"line":146,"column":null}},"7":{"start":{"line":146,"column":0},"end":{"line":146,"column":null}}},"fnMap":{"0":{"name":"(anonymous_1)","decl":{"start":{"line":108,"column":0},"end":{"line":108,"column":null}},"loc":{"start":{"line":108,"column":0},"end":{"line":108,"column":null}}},"1":{"name":"(anonymous_2)","decl":{"start":{"line":133,"column":0},"end":{"line":133,"column":null}},"loc":{"start":{"line":133,"column":0},"end":{"line":150,"column":null}}},"2":{"name":"(anonymous_3)","decl":{"start":{"line":141,"column":0},"end":{"line":141,"column":null}},"loc":{"start":{"line":141,"column":0},"end":{"line":146,"column":null}}},"3":{"name":"(anonymous_4)","decl":{"start":{"line":146,"column":0},"end":{"line":146,"column":null}},"loc":{"start":{"line":146,"column":0},"end":{"line":146,"column":null}}}},"branchMap":{},"s":{"0":1,"1":2,"2":1,"3":1,"4":1,"5":1,"6":0,"7":0},"f":{"0":2,"1":1,"2":0,"3":0},"b":{}}
,"/Users/daniel.fegan/workspaces/practice/game-tracker-front-end/src/views/Games.vue": {"path":"/Users/daniel.fegan/workspaces/practice/game-tracker-front-end/src/views/Games.vue","statementMap":{"0":{"start":{"line":12,"column":0},"end":{"line":12,"column":null}},"1":{"start":{"line":13,"column":0},"end":{"line":13,"column":null}},"2":{"start":{"line":21,"column":0},"end":{"line":21,"column":null}},"3":{"start":{"line":26,"column":0},"end":{"line":26,"column":null}}},"fnMap":{"0":{"name":"(anonymous_1)","decl":{"start":{"line":20,"column":0},"end":{"line":20,"column":null}},"loc":{"start":{"line":20,"column":0},"end":{"line":24,"column":null}}},"1":{"name":"(anonymous_2)","decl":{"start":{"line":25,"column":0},"end":{"line":25,"column":null}},"loc":{"start":{"line":25,"column":0},"end":{"line":27,"column":null}}}},"branchMap":{},"s":{"0":1,"1":1,"2":2,"3":2},"f":{"0":2,"1":2},"b":{}}
}
