TN:
SF:/Users/danielfegan/workspace/game-tracker-front-end/src/App.vue
FN:18,(anonymous_1)
FNF:1
FNH:0
FNDA:0,(anonymous_1)
DA:12,0
DA:18,0
LF:2
LH:0
BRF:0
BRH:0
end_of_record
TN:
SF:/Users/danielfegan/workspace/game-tracker-front-end/src/router.js
FNF:0
FNH:0
DA:6,0
LF:1
LH:0
BRF:0
BRH:0
end_of_record
TN:
SF:/Users/danielfegan/workspace/game-tracker-front-end/src/components/Game.vue
FN:33,(anonymous_1)
FNF:1
FNH:1
FNDA:4,(anonymous_1)
DA:34,4
LF:1
LH:1
BRF:0
BRH:0
end_of_record
TN:
SF:/Users/danielfegan/workspace/game-tracker-front-end/src/plugins/vuetify.js
FNF:0
FNH:0
DA:4,0
LF:1
LH:0
BRF:0
BRH:0
end_of_record
TN:
SF:/Users/danielfegan/workspace/game-tracker-front-end/src/service/Api.js
FN:3,(anonymous_0)
FNF:1
FNH:1
FNDA:1,(anonymous_0)
DA:3,2
LF:1
LH:1
BRF:0
BRH:0
end_of_record
TN:
SF:/Users/danielfegan/workspace/game-tracker-front-end/src/views/AddGame.vue
FN:108,(anonymous_1)
FN:133,(anonymous_2)
FN:141,(anonymous_3)
FN:146,(anonymous_4)
FNF:4
FNH:2
FNDA:2,(anonymous_1)
FNDA:1,(anonymous_2)
FNDA:0,(anonymous_3)
FNDA:0,(anonymous_4)
DA:103,1
DA:108,2
DA:134,1
DA:135,1
DA:136,1
DA:140,1
DA:141,0
DA:146,0
LF:8
LH:6
BRF:0
BRH:0
end_of_record
TN:
SF:/Users/danielfegan/workspace/game-tracker-front-end/src/views/Games.vue
FN:28,(anonymous_1)
FN:33,(anonymous_2)
FNF:2
FNH:2
FNDA:2,(anonymous_1)
FNDA:2,(anonymous_2)
DA:20,1
DA:21,1
DA:29,2
DA:34,2
LF:4
LH:4
BRF:0
BRH:0
end_of_record
